Drill report for SparkFun_Serial_MP3_Player_Shield_MY1690X.kicad_pcb
Created on 2024-11-21T20:47:19-0700

Copper Layer Stackup:
    =============================================================
    L1 :  F.Cu                      front
    L2 :  B.Cu                      back


Drill file 'SparkFun_Serial_MP3_Player_Shield_MY1690X.drl' contains
    plated through holes:
    =============================================================
    T1  0.300mm  0.0118"  (33 holes)
    T2  0.600mm  0.0236"  (4 holes)  (with 4 slots)
    T3  1.016mm  0.0400"  (35 holes)

    Total plated holes count 72


Not plated through holes are merged with plated holes
    unplated through holes:
    =============================================================
    T4  0.650mm  0.0256"  (2 holes)
    T5  1.000mm  0.0394"  (2 holes)
    T6  1.200mm  0.0472"  (2 holes)

    Total unplated holes count 6
